{
  "RSpec": {
    "coverage": {
      "/Users/BradleySheehan/Documents/projects/quizroom/quizroom/app/controllers/application_controller.rb": [
        1,
        1,
        null
      ],
      "/Users/BradleySheehan/Documents/projects/quizroom/quizroom/app/helpers/application_helper.rb": [
        1,
        null
      ],
      "/Users/BradleySheehan/Documents/projects/quizroom/quizroom/app/helpers/sessions_helper.rb": [
        1,
        null
      ],
      "/Users/BradleySheehan/Documents/projects/quizroom/quizroom/app/controllers/sessions_controller.rb": [
        1,
        null,
        1,
        null,
        null,
        1,
        3,
        3,
        2,
        2,
        null,
        1,
        1,
        null,
        null,
        null,
        1,
        1,
        1,
        1,
        null,
        null,
        null
      ],
      "/Users/BradleySheehan/Documents/projects/quizroom/quizroom/app/controllers/users_controller.rb": [
        1,
        null,
        1,
        1,
        null,
        null,
        1,
        3,
        3,
        null,
        3,
        2,
        2,
        null,
        1,
        1,
        null,
        null,
        null,
        1,
        null,
        null,
        null,
        null,
        null
      ],
      "/Users/BradleySheehan/Documents/projects/quizroom/quizroom/app/models/user.rb": [
        1,
        1,
        1,
        1,
        null,
        1,
        2,
        2,
        2,
        2,
        2,
        2,
        2,
        null,
        null,
        null
      ]
    },
    "timestamp": 1371161008
  },
  "Cucumber Features": {
    "coverage": {
      "/Users/BradleySheehan/Documents/projects/quizroom/quizroom/app/controllers/application_controller.rb": [
        1,
        1,
        null,
        null,
        null,
        null,
        null,
        null,
        null,
        null
      ],
      "/Users/BradleySheehan/Documents/projects/quizroom/quizroom/app/helpers/application_helper.rb": [
        1,
        null,
        1,
        0,
        null,
        null
      ],
      "/Users/BradleySheehan/Documents/projects/quizroom/quizroom/app/helpers/classroom_helper.rb": [
        1,
        null,
        null,
        null,
        null
      ],
      "/Users/BradleySheehan/Documents/projects/quizroom/quizroom/app/helpers/sessions_helper.rb": [
        1,
        null
      ],
      "/Users/BradleySheehan/Documents/projects/quizroom/quizroom/app/controllers/classrooms_controller.rb": [
        1,
        null,
        1,
        null,
        null,
        null,
        1,
        null,
        null,
        null,
        1,
        null,
        1,
        null,
        null,
        null
      ],
      "/Users/BradleySheehan/Documents/projects/quizroom/quizroom/app/controllers/sessions_controller.rb": [
        1,
        null,
        1,
        null,
        null,
        1,
        0,
        0,
        0,
        0,
        null,
        0,
        0,
        null,
        null,
        null,
        1,
        0,
        0,
        0,
        null,
        null,
        null
      ],
      "/Users/BradleySheehan/Documents/projects/quizroom/quizroom/app/controllers/users_controller.rb": [
        1,
        null,
        1,
        0,
        null,
        null,
        1,
        0,
        0,
        null,
        0,
        0,
        0,
        null,
        0,
        0,
        null,
        null,
        null,
        1,
        null,
        null,
        null,
        null,
        null
      ],
      "/Users/BradleySheehan/Documents/projects/quizroom/quizroom/app/models/user.rb": [
        1,
        1,
        1,
        1,
        null,
        1,
        0,
        0,
        0,
        0,
        0,
        0,
        0,
        null,
        null,
        null
      ]
    },
    "timestamp": 1371167733
  }
}
